<?xml version="1.0" encoding="UTF-8"?>
<!-- Generated by org.testng.reporters.JUnitReportReporter -->
<testsuite hostname="DESKTOP-G07M1S2" failures="0" tests="1" name="interviewQue.Practo" time="71.661" errors="0" timestamp="2024-09-28T03:25:23 IST" skipped="0">
  <testcase classname="interviewQue.Practo" name="showDoc" time="71.661"/>
  <system-out/>
</testsuite> <!-- interviewQue.Practo -->
