<?xml version="1.0" encoding="UTF-8"?>
<!-- Generated by org.testng.reporters.JUnitReportReporter -->
<testsuite hostname="DESKTOP-G07M1S2" failures="0" tests="1" name="com.tutorialsninja.qa.testcases.LogIn" time="7.906" errors="0" timestamp="2024-10-08T22:47:36 IST" skipped="0">
  <testcase classname="com.tutorialsninja.qa.testcases.LogIn" name="getTitle" time="7.906"/>
  <system-out/>
</testsuite> <!-- com.tutorialsninja.qa.testcases.LogIn -->
