<?xml version="1.0" encoding="UTF-8"?>
<!-- Generated by org.testng.reporters.JUnitReportReporter -->
<testsuite hostname="DESKTOP-G07M1S2" failures="0" tests="1" name="interviewQue.PractoDoc" time="9.619" errors="0" timestamp="2024-09-28T03:20:44 IST" skipped="0">
  <testcase classname="interviewQue.PractoDoc" name="showList" time="9.619"/>
  <system-out/>
</testsuite> <!-- interviewQue.PractoDoc -->
