<?xml version="1.0" encoding="UTF-8"?>
<!-- Generated by org.testng.reporters.JUnitReportReporter -->
<testsuite hostname="DESKTOP-G07M1S2" failures="0" tests="1" name="com.tutorialsninja.qa.testcases.Amazon" time="17.896" errors="0" timestamp="2024-10-08T06:26:40 IST" skipped="0">
  <testcase classname="com.tutorialsninja.qa.testcases.Amazon" name="fresh" time="17.896"/>
  <system-out/>
</testsuite> <!-- com.tutorialsninja.qa.testcases.Amazon -->
